c:\githubprojects\berlinrenderbeauty\berlinrenderer\build\vs2017\bin\win\x64\debug\obj\berlinrenderer\vc141.pdb
c:\githubprojects\berlinrenderbeauty\berlinrenderer\build\vs2017\bin\win\x64\debug\obj\berlinrenderer\vc141.idb
c:\githubprojects\berlinrenderbeauty\berlinrenderer\build\vs2017\bin\win\x64\debug\obj\berlinrenderer\app.obj
c:\githubprojects\berlinrenderbeauty\berlinrenderer\build\vs2017\bin\win\x64\debug\obj\berlinrenderer\context.obj
c:\githubprojects\berlinrenderbeauty\berlinrenderer\build\vs2017\bin\win\x64\debug\obj\berlinrenderer\camera.obj
c:\githubprojects\berlinrenderbeauty\berlinrenderer\build\vs2017\bin\win\x64\debug\obj\berlinrenderer\renderengine.obj
c:\githubprojects\berlinrenderbeauty\berlinrenderer\build\vs2017\bin\win\x64\debug\obj\berlinrenderer\renderer.obj
c:\githubprojects\berlinrenderbeauty\berlinrenderer\build\vs2017\bin\win\x64\debug\obj\berlinrenderer\shaderbuilder.obj
c:\githubprojects\berlinrenderbeauty\berlinrenderer\build\vs2017\bin\win\x64\debug\obj\berlinrenderer\triangledrawer.obj
c:\githubprojects\berlinrenderbeauty\berlinrenderer\build\vs2017\bin\win\x64\debug\obj\berlinrenderer\imageloader.obj
c:\githubprojects\berlinrenderbeauty\berlinrenderer\build\vs2017\bin\win\x64\debug\obj\berlinrenderer\mesh.obj
c:\githubprojects\berlinrenderbeauty\berlinrenderer\build\vs2017\bin\win\x64\debug\obj\berlinrenderer\resourcemanager.obj
c:\githubprojects\berlinrenderbeauty\berlinrenderer\build\vs2017\bin\win\x64\debug\obj\berlinrenderer\texture1d.obj
c:\githubprojects\berlinrenderbeauty\berlinrenderer\build\vs2017\bin\win\x64\debug\obj\berlinrenderer\texture2d.obj
c:\githubprojects\berlinrenderbeauty\berlinrenderer\build\vs2017\bin\win\x64\debug\obj\berlinrenderer\texture3d.obj
c:\githubprojects\berlinrenderbeauty\berlinrenderer\build\vs2017\bin\win\x64\debug\obj\berlinrenderer\scenemanager.obj
c:\githubprojects\berlinrenderbeauty\berlinrenderer\build\vs2017\bin\win\x64\debug\obj\berlinrenderer\sceneobject.obj
c:\githubprojects\berlinrenderbeauty\berlinrenderer\build\vs2017\bin\win\x64\debug\obj\berlinrenderer\glad.obj
c:\githubprojects\berlinrenderbeauty\berlinrenderer\build\vs2017\bin\win\x64\debug\berlinrenderer.ilk
c:\githubprojects\berlinrenderbeauty\berlinrenderer\build\vs2017\bin\win\x64\debug\berlinrenderer.ocx
c:\githubprojects\berlinrenderbeauty\berlinrenderer\build\vs2017\bin\win\x64\debug\berlinrenderer.pdb
c:\githubprojects\berlinrenderbeauty\berlinrenderer\build\vs2017\\bin\win\x64\debug\berlinrenderer.pdb
c:\githubprojects\berlinrenderbeauty\berlinrenderer\build\vs2017\\bin\win\x64\debug\berlinrenderer.ocx
c:\githubprojects\berlinrenderbeauty\berlinrenderer\build\vs2017\\bin\win\x64\debug\berlinrenderer.ilk
c:\githubprojects\berlinrenderbeauty\berlinrenderer\build\vs2017\bin\win\x64\debug\obj\berlinrenderer\berlinrenderer.tlog\cl.command.1.tlog
c:\githubprojects\berlinrenderbeauty\berlinrenderer\build\vs2017\bin\win\x64\debug\obj\berlinrenderer\berlinrenderer.tlog\cl.read.1.tlog
c:\githubprojects\berlinrenderbeauty\berlinrenderer\build\vs2017\bin\win\x64\debug\obj\berlinrenderer\berlinrenderer.tlog\cl.write.1.tlog
c:\githubprojects\berlinrenderbeauty\berlinrenderer\build\vs2017\bin\win\x64\debug\obj\berlinrenderer\berlinrenderer.tlog\link.command.1.tlog
c:\githubprojects\berlinrenderbeauty\berlinrenderer\build\vs2017\bin\win\x64\debug\obj\berlinrenderer\berlinrenderer.tlog\link.read.1.tlog
c:\githubprojects\berlinrenderbeauty\berlinrenderer\build\vs2017\bin\win\x64\debug\obj\berlinrenderer\berlinrenderer.tlog\link.write.1.tlog
