  SceneObject.cpp
  SceneManager.cpp
  Texture3D.cpp
  Texture2D.cpp
  Texture1D.cpp
  ResourceManager.cpp
c:\githubprojects\berlinrenderbeauty\berlinrenderer\src\berlinrenderer\resources\resourcemanager.cpp(196): warning C4101: “height”: 未引用的局部变量
c:\githubprojects\berlinrenderbeauty\berlinrenderer\src\berlinrenderer\resources\resourcemanager.cpp(196): warning C4101: “width”: 未引用的局部变量
  Mesh.cpp
  ImageLoader.cpp
  TriangleDrawer.cpp
  ShaderBuilder.cpp
  Shader.cpp
  Renderer.cpp
  RenderEngine.cpp
  Camera.cpp
  Context.cpp
  App.cpp
  正在生成代码...
  glad.c
c:\githubprojects\berlinrenderbeauty\berlinrenderer\src\berlinrenderer\base\glad.c(24): fatal error C1083: 无法打开包括文件: “include\glad\glad.h”: No such file or directory
