  ResourceManager.cpp
c:\githubprojects\berlinrenderbeauty\berlinrenderer\stdafx.h : warning C4819: 该文件包含不能在当前代码页(936)中表示的字符。请将该文件保存为 Unicode 格式以防止数据丢失
c:\githubprojects\berlinrenderbeauty\berlinrenderer\targetver.h : warning C4819: 该文件包含不能在当前代码页(936)中表示的字符。请将该文件保存为 Unicode 格式以防止数据丢失
c:\githubprojects\berlinrenderbeauty\berlinrenderer\resourcemanager.cpp(30): error C2440: “return”: 无法从“int”转换为“std::vector<Mesh,std::allocator<_Ty>>”
          with
          [
              _Ty=Mesh
          ]
  c:\githubprojects\berlinrenderbeauty\berlinrenderer\resourcemanager.cpp(30): note: class“std::vector<Mesh,std::allocator<_Ty>>”的构造函数声明为“explicit”
          with
          [
              _Ty=Mesh
          ]
c:\githubprojects\berlinrenderbeauty\berlinrenderer\resourcemanager.cpp(46): warning C4018: “<”: 有符号/无符号不匹配
  Context.cpp
  APP.cpp
c:\githubprojects\berlinrenderbeauty\berlinrenderer\context.h(28): error C2061: 语法错误: 标识符“App”
c:\githubprojects\berlinrenderbeauty\berlinrenderer\context.h(38): error C2143: 语法错误: 缺少“;”(在“*”的前面)
c:\githubprojects\berlinrenderbeauty\berlinrenderer\context.h(38): error C4430: 缺少类型说明符 - 假定为 int。注意: C++ 不支持默认 int
c:\githubprojects\berlinrenderbeauty\berlinrenderer\context.h(38): error C2238: 意外的标记位于“;”之前
c:\githubprojects\berlinrenderbeauty\berlinrenderer\app.cpp(35): error C3867: “BRE::App::Key_Callback”: 非标准语法；请使用 "&" 来创建指向成员的指针
  正在生成代码...
